0:100  0:100  MemLog inited, TSC freq: 1800295140
0:100  0:000  CPU was calibrated with RTC
0:100  0:000  
0:100  0:000  Now is 4.7.2018,  16:11:55 (GMT)
0:100  0:000  Starting Clover revision: 4428 on American Megatrends EFI
0:100  0:000  Build with: [Args: -D NO_GRUB_DRIVERS_EMBEDDED -t XCODE8 | -D NO_GRUB_DRIVERS_EMBEDDED -D USE_LOW_EBDA -a X64 -b RELEASE -t XCODE8 -n 5 | OS: 10.12.6 | XCODE: 9.2]
0:100  0:000  SelfDevicePath=PciRoot(0x0)\Pci(0x14,0x0)\USB(0x3,0x0)\HD(1,MBR,0x0063C429,0x3F,0x64000) @88169818
0:100  0:000  SelfDirPath = \EFI\BOOT
0:100  0:000  === [ Get Smbios ] ========================================
0:105  0:005  Type 16 Index = 0
0:105  0:000  Total Memory Slots Count = 4
0:105  0:000  Type 17 Index = 0
0:105  0:000  Ignoring insane frequency value 0MHz
0:105  0:000  SmbiosTable.Type17->Speed = 0MHz
0:105  0:000  SmbiosTable.Type17->Size = 0MB
0:105  0:000  SmbiosTable.Type17->Bank/Device = BANK 0 ChannelA-DIMM0
0:105  0:000  SmbiosTable.Type17->Vendor = <null string>
0:105  0:000  SmbiosTable.Type17->SerialNumber = <null string>
0:105  0:000  SmbiosTable.Type17->PartNumber = <null string>
0:105  0:000  Type 17 Index = 1
0:105  0:000  Ignoring insane frequency value 0MHz
0:105  0:000  SmbiosTable.Type17->Speed = 0MHz
0:105  0:000  SmbiosTable.Type17->Size = 0MB
0:105  0:000  SmbiosTable.Type17->Bank/Device = BANK 1 ChannelA-DIMM1
0:105  0:000  SmbiosTable.Type17->Vendor = <null string>
0:105  0:000  SmbiosTable.Type17->SerialNumber = <null string>
0:105  0:000  SmbiosTable.Type17->PartNumber = <null string>
0:105  0:000  Type 17 Index = 2
0:105  0:000  SmbiosTable.Type17->Speed = 2400MHz
0:105  0:000  SmbiosTable.Type17->Size = 8192MB
0:105  0:000  SmbiosTable.Type17->Bank/Device = BANK 2 ChannelB-DIMM0
0:105  0:000  SmbiosTable.Type17->Vendor = Samsung
0:105  0:000  SmbiosTable.Type17->SerialNumber = 988BB4FC
0:105  0:000  SmbiosTable.Type17->PartNumber = M471A1K43CB1-CRC    
0:105  0:000  Type 17 Index = 3
0:105  0:000  Ignoring insane frequency value 0MHz
0:105  0:000  SmbiosTable.Type17->Speed = 0MHz
0:105  0:000  SmbiosTable.Type17->Size = 0MB
0:105  0:000  SmbiosTable.Type17->Bank/Device = BANK 3 ChannelB-DIMM1
0:105  0:000  SmbiosTable.Type17->Vendor = <null string>
0:105  0:000  SmbiosTable.Type17->SerialNumber = <null string>
0:105  0:000  SmbiosTable.Type17->PartNumber = <null string>
0:105  0:000  Boot status=0
0:105  0:000  Running on: 'X510UNR' with board 'X510UNR'
0:105  0:000  === [ GetCPUProperties ] ==================================
0:105  0:000  CPU Vendor = 756E6547 Model=806EA
0:105  0:000   The CPU supported SSE4.1
0:105  0:000  BrandString = Intel(R) Core(TM) i5-8250U CPU @ 1.60GHz
0:105  0:000   The CPU supported turbo
0:105  0:000  MSR 0x35               40008
0:105  0:000   TSC/CCC Information Leaf:
0:105  0:000    numerator     : 150
0:105  0:000    denominator   : 2
0:105  0:000   Calibrated ARTFrequency: 24003935
0:105  0:000  MSR 0xE2 before patch 1E008008
0:105  0:000  MSR 0xE2 is locked, PM patches will be turned on
0:105  0:000  MSR 0xCE              0004043D_F1011200
0:105  0:000  corrected FLEX_RATIO = 0
0:105  0:000  MSR 0x1B0             00000000
0:105  0:000  FSBFrequency = 84 MHz, DMI FSBFrequency = 100 MHz, Corrected FSBFrequency = 100 MHz
0:105  0:000  MaxDiv/MinDiv: 18.0/4
0:105  0:000  Turbo: 34/34/34/34
0:105  0:000  Features: 0xBFEBFBFF
0:105  0:000  Threads: 8
0:105  0:000  Cores: 4
0:105  0:000  FSB: 100 MHz
0:105  0:000  CPU: 1500 MHz
0:105  0:000  TSC: 1500 MHz
0:105  0:000  PIS: 100 MHz
0:105  0:000  ExternalClock: 25 MHz
0:105  0:000  === [ GetDevices ] ========================================
0:105  0:000  PCI (00|00:00.00) : 8086 5914 class=060000
0:105  0:000  PCI (00|00:02.00) : 8086 5917 class=030000
0:105  0:000   - GFX: Model=Intel UHD Graphics 620 (Intel)
0:105  0:000  PCI (00|00:04.00) : 8086 1903 class=118000
0:105  0:000  PCI (00|00:14.00) : 8086 9D2F class=0C0330
0:105  0:000  PCI (00|00:14.02) : 8086 9D31 class=118000
0:105  0:000  PCI (00|00:15.00) : 8086 9D60 class=118000
0:105  0:000  PCI (00|00:15.01) : 8086 9D61 class=118000
0:105  0:000  PCI (00|00:16.00) : 8086 9D3A class=078000
0:105  0:000  PCI (00|00:17.00) : 8086 9D03 class=010601
0:105  0:000  PCI (00|00:1C.00) : 8086 9D10 class=060400
0:105  0:000  PCI (00|01:00.00) : 10DE 1D10 class=030200
0:105  0:000  PCI (00|00:1C.05) : 8086 9D15 class=060400
0:106  0:000  PCI (00|02:00.00) : 8086 24FD class=028000
0:106  0:000   - WIFI: Vendor=Intel
0:106  0:000  PCI (00|00:1E.00) : 8086 9D27 class=118000
0:106  0:000  PCI (00|00:1E.02) : 8086 9D29 class=118000
0:106  0:000  PCI (00|00:1F.00) : 8086 9D4E class=060100
0:106  0:000  PCI (00|00:1F.02) : 8086 9D21 class=058000
0:106  0:000  PCI (00|00:1F.03) : 8086 9D71 class=040300
0:106  0:000  PCI (00|00:1F.04) : 8086 9D23 class=0C0500
0:106  0:000  === [ GetDefaultSettings ] ================================
0:106  0:000  Clover load options size = 0 bytes
0:121  0:015  EFI\CLOVER\config.plist loaded: Success
0:126  0:005  === [ GetListOfThemes ] ===================================
0:126  0:000  - [00]: Asus
0:130  0:003  - [01]: embedded
0:132  0:002  === [ Found config plists ] ===============================
0:132  0:000  - config.plist
0:133  0:000  === [ GetEarlyUserSettings ] ==============================
0:133  0:000  timeout set to 5
0:133  0:000  Custom boot CUSTOM_BOOT_DISABLED (0x0)
0:133  0:000  KextsToPatch: 7 requested
0:133  0:000   - [00]: com.apple.driver.AppleIntelSKLGraphicsFramebuffer (显存1536MB->2048MB) :: BinPatch :: data len: 16
0:133  0:000   - [01]: com.apple.driver.AppleBacklight (AppleBacklightInjector.kext (credit RehabMan)) :: BinPatch :: data len: 9
0:133  0:000   - [02]: com.apple.driver.AppleIntelSKLGraphicsFramebuffer (HDMI-audio补丁,端口0204,0x19160000) :: BinPatch :: data len: 12
0:133  0:000   - [03]: com.apple.driver.AppleIntelSKLGraphicsFramebuffer (HDMI-audio补丁,端口0105,0x19160000) :: BinPatch :: data len: 12
0:133  0:000   - [04]: com.apple.iokit.IOAHCIBlockStorage (Enable TRIM for SSD) :: BinPatch :: data len: 11
0:133  0:000   - [05]: com.apple.iokit.IOGraphicsFamily (第二阶段8个苹果) :: MatchOS: 10.13.x :: BinPatch :: data len: 5
0:133  0:000   - [06]: com.apple.driver.AppleAHCIPort (扩展磁盘图标补丁) :: BinPatch :: data len: 8
0:133  0:000  Default theme: Asus
0:133  0:000  Hiding entries with string Preboot
0:133  0:000  Hiding entries with string Recovery
0:133  0:000   Custom EDID is ok
0:133  0:000  === [ LoadDrivers ] =======================================
0:133  0:000  Loading apfs.efi  status=Success
0:163  0:029   - driver needs connecting
0:163  0:000  Loading FSInject-64.efi  status=Success
0:168  0:005  Loading HFSPlus.efi  status=Success
0:171  0:003   - driver needs connecting
0:171  0:000  Loading OsxAptioFix3Drv-64.efi  status=Success
0:176  0:005  2 drivers needs connecting ...
0:176  0:000  PlatformDriverOverrideProtocol not found. Installing ... Success
0:177  0:000  HFS+ driver loaded
0:177  0:000  APFS driver loaded
0:177  0:000  Searching for invalid DiskIo BY_DRIVER connects: not found, all ok
0:510  0:333  === [ InitScreen ] ========================================
0:510  0:000  SetScreenResolution: 1920x1080 - already set
0:510  0:000  Console modes reported: 4, available modes:
0:510  0:000   - [01]: 80x25 (current mode)
0:510  0:000   - [02]: 80x50
0:510  0:000   - [03]: 100x31
0:510  0:000   - [04]: 240x56
0:510  0:000  reinit: self device path=PciRoot(0x0)\Pci(0x14,0x0)\USB(0x3,0x0)\HD(1,MBR,0x0063C429,0x3F,0x64000)
0:510  0:000  === [ GetMacAddress ] =====================================
0:510  0:000   get legacy LAN MAC, 0 card found
0:510  0:000  === [ ScanSPD ] ===========================================
0:511  0:000  SMBus device : 8086 9D23 class=0C0500 status=Success
0:511  0:000  SMBus CmdReg: 0x3
0:511  0:000  Scanning SMBus [8086:9D23], mmio: 0xEF232004, ioport: 0xF040, hostc: 0x11
0:511  0:000  Slots to scan [8]...
0:511  0:000  SPD[2]: Type 12 @0x52
0:529  0:017  Not using XMP because it is not present
0:529  0:000  DDR speed 2400MHz
0:529  0:000  Slot: 2 Type 26 8192MB 2400MHz Vendor=Samsung PartNo=M471A1K43CB1-CRC SerialNo=0908080B0B040F0C
0:530  0:000  === [ GetAcpiTablesList ] =================================
0:533  0:003  Get Acpi Tables List from RSDT:
0:533  0:000   - [00]: FACP  Notebook len=132
0:533  0:000   - [01]: APIC  Notebook len=188
0:533  0:000   - [02]: FPDT  Notebook len=68
0:533  0:000   - [03]: FIDT  Notebook len=156
0:533  0:000   - [04]: ECDT  Notebook len=193
0:533  0:000   - [05]: MCFG  Notebook len=60
0:533  0:000   - [06]: SSDT  SataTabl len=857
0:533  0:000   - [07]: SSDT  DptfTabl len=29588
0:533  0:000   - [08]: MSDM  Notebook len=85
0:533  0:000   - [09]: SSDT  SaSsdt  len=12615
0:533  0:000   - [10]: HPET  KBL-ULT len=56
0:533  0:000   - [11]: UEFI  Notebook len=66
0:533  0:000   - [12]: SSDT  CpuSsdt len=6062
0:533  0:000   - [13]: LPIT  KBL-ULT len=148
0:533  0:000   - [14]: SSDT  HdaDsp len=321
0:533  0:000   - [15]: SSDT  sensrhub len=671
0:533  0:000   - [16]: SSDT  TbtTypeC len=1303
0:533  0:000   - [17]: DBGP   len=52
0:533  0:000   - [18]: DBG2   len=84
0:533  0:000   - [19]: SSDT  SgPch len=2089
0:533  0:000   - [20]: SSDT  SgUlx len=923
0:533  0:000   - [21]: DMAR  KBL  len=312
0:533  0:000   - [22]: TPM2  Notebook len=52
0:533  0:000   - [23]: BGRT  Notebook len=56
0:533  0:000   - [24]: SSDT  OptTabl len=7987
0:533  0:000   - [25]: WSMT  Notebook len=40
0:533  0:000  Calibrated TSC Frequency = 1800295140 = 1800MHz
0:533  0:000  === [ GetUserSettings ] ===================================
0:533  0:000   Custom EDID is ok
0:533  0:000  Can't install EdidOverride on ImageHandle
0:533  0:000  USB FixOwnership: yes
0:533  0:000  Dropping 3 tables:
0:533  0:000   - [00]: Drop table  signature="DMAR" (52414D44)
0:533  0:000           - set table: 52414D44,                0 to drop: yes
0:533  0:000   - [01]: Drop table  signature="SSDT" (54445353) table-id="CpuPm" (0000006D50757043)
0:533  0:000           - set table: 54445353,       6D50757043 to drop: no
0:533  0:000   - [02]: Drop table  signature="SSDT" (54445353) table-id="Cpu0Ist" (0074734930757043)
0:533  0:000           - set table: 54445353,   74734930757043 to drop: no
0:533  0:000   - final DSDT Fix mask=21000004
0:533  0:000  PatchesDSDT: 6 requested
0:533  0:000   - [00]: (Add _SUN property for GIGE) lenToFind: 18, lenToReplace: 25, Target Bridge: <null string>
0:533  0:000    patch disabled at config
0:533  0:000   - [01]: (Rename GFX0 to IGPU) lenToFind: 4, lenToReplace: 4, Target Bridge: <null string>
0:533  0:000   - [02]: (Rename HDEF to AZAL) lenToFind: 4, lenToReplace: 4, Target Bridge: <null string>
0:533  0:000    patch disabled at config
0:533  0:000   - [03]: (Rename oem _DSM to ZDSM) lenToFind: 4, lenToReplace: 4, Target Bridge: <null string>
0:533  0:000    patch disabled at config
0:533  0:000   - [04]: (Rename HECI to IMEI) lenToFind: 4, lenToReplace: 4, Target Bridge: <null string>
0:533  0:000   - [05]: (change HDAS to HDEF) lenToFind: 4, lenToReplace: 4, Target Bridge: <null string>
0:533  0:000  Using ProductName from config: MacBookPro14,1
0:533  0:000  BiosVersion: not set, Using BiosVersion from clover
0:533  0:000  BiosVersion: MBP141.88Z.0173.B00.1802081002
0:533  0:000  BiosReleaseDate: 02/08/2018
0:533  0:000  Using FirmwareFeatures from clover: 0xFC0FE137
0:533  0:000  Using FirmwareFeaturesMask from clover: 0xFF1FFF3F
0:533  0:000  Using PlatformFeature from clover: 0x1A
1:330  0:797  === [ ScanVolumes ] =======================================
1:330  0:000  Found 12 volumes with blockIO
1:330  0:000  - [00]: Volume: PciRoot(0x0)\Pci(0x17,0x0)\Sata(0x0,0xFFFF,0x0)
1:331  0:000  - [01]: Volume: PciRoot(0x0)\Pci(0x17,0x0)\Sata(0x0,0xFFFF,0x0)\HD(1,GPT,830EE692-1D96-47AE-B20B-43F9D8B529BD,0x800,0x82000)
1:332  0:000          Result of bootcode detection: bootable Windows (vista,win)
1:333  0:001  - [02]: Volume: PciRoot(0x0)\Pci(0x17,0x0)\Sata(0x0,0xFFFF,0x0)\HD(2,GPT,D7DBAA39-4BC7-47F2-BC68-85AFF8CCE4C8,0x82800,0x8000)
1:334  0:000  - [03]: Volume: PciRoot(0x0)\Pci(0x17,0x0)\Sata(0x0,0xFFFF,0x0)\HD(3,GPT,CBB13738-D8C0-4C9E-9094-DE0F37E08355,0x8A800,0x3AFBF800)
1:334  0:000          Result of bootcode detection: bootable Windows (vista,win)
1:334  0:000  - [04]: Volume: PciRoot(0x0)\Pci(0x17,0x0)\Sata(0x0,0xFFFF,0x0)\HD(4,GPT,6ED4FF7A-390E-43D4-B518-64510C85140B,0x3B04A000,0xC800000)
1:335  0:000          Result of bootcode detection: bootable Windows (vista,win)
1:335  0:000  - [05]: Volume: PciRoot(0x0)\Pci(0x17,0x0)\Sata(0x0,0xFFFF,0x0)\HD(5,GPT,0AD4E610-81F1-4D5A-A07B-DFB27D1308F3,0x4784A000,0xC800000)
1:336  0:000  - [06]: Volume: PciRoot(0x0)\Pci(0x17,0x0)\Sata(0x0,0xFFFF,0x0)\HD(6,GPT,08F53A86-4C00-4A00-8F7E-0A6F5AC4666F,0x5404A000,0xC350000)
1:336  0:000          Result of bootcode detection: bootable unknown (legacy)
1:336  0:000  - [07]: Volume: PciRoot(0x0)\Pci(0x17,0x0)\Sata(0x0,0xFFFF,0x0)\HD(7,GPT,7F0F1026-7565-40EA-9EA0-33A284D2728E,0x6039A000,0x140A68E0)
1:337  0:000  - [08]: Volume: PciRoot(0x0)\Pci(0x17,0x0)\Sata(0x0,0xFFFF,0x0)\HD(8,GPT,6AD77778-68C2-4881-AD52-CD21EA09F2CB,0x744408E0,0x2C64A8)
1:337  0:000          hiding this volume
1:337  0:000  - [09]: Volume: PciRoot(0x0)\Pci(0x14,0x0)\USB(0x3,0x0)
1:338  0:000          Result of bootcode detection: bootable unknown (legacy)
1:338  0:000          USB volume
1:338  0:000  - [10]: Volume: PciRoot(0x0)\Pci(0x14,0x0)\USB(0x3,0x0)\HD(1,MBR,0x0063C429,0x3F,0x64000)
1:339  0:000          Result of bootcode detection: bootable unknown (legacy)
1:339  0:000          USB volume
1:342  0:002          This is SelfVolume !!
1:342  0:000  - [11]: Volume: PciRoot(0x0)\Pci(0x14,0x0)\USB(0x3,0x0)\HD(2,MBR,0x0063C429,0x6403F,0x1CA8FC1)
1:343  0:000          USB volume
1:343  0:000  === [ InitTheme ] =========================================
1:354  0:011  Using theme 'Asus' (EFI\CLOVER\themes\Asus)
1:354  0:000  OS main and drive as badge
1:358  0:003  Loading font from ThemeDir: Success
1:359  0:001  Choosing theme Asus
1:359  0:000  after NVRAM boot-args=darkwake=0 -igfxdvmtbeta -igfxbeta
1:359  0:000  === [ Dump SMC keys from NVRAM ] ==========================
1:359  0:000  no AppleSMC protocol
1:424  0:064  === [ ScanLoader ] ========================================
1:424  0:000  - [01]: 'SYSTEM'
1:448  0:023          AddLoaderEntry for Volume Name=SYSTEM
1:478  0:030          AddLoaderEntry for Volume Name=SYSTEM
1:496  0:018  - [07]: 'macOS High Sierra'
1:580  0:083          AddLoaderEntry for Volume Name=macOS High Sierra
1:643  0:062      hibernated: set as never
1:655  0:012  - [08]: 'Recovery HD', hidden
1:655  0:000  - [10]: 'CLOVER'
1:663  0:007  - [11]: 'OS X Base System'
1:666  0:002          AddLoaderEntry for Volume Name=OS X Base System
1:670  0:004      hibernated: set as never
1:680  0:009  Scanning legacy ...
1:680  0:000   1: 'SYSTEM' (vista,win) add legacy
1:685  0:004   added 'Boot Windows from SYSTEM' OSType=2 Icon=vista,win
1:685  0:000   3: 'Legacy HD3' (vista,win) add legacy
1:689  0:004   added 'Boot Windows from Legacy HD3' OSType=2 Icon=vista,win
1:689  0:000   4: 'Legacy HD4' (vista,win) add legacy
1:693  0:004   added 'Boot Windows from Legacy HD4' OSType=2 Icon=vista,win
1:696  0:003  === [ GetEfiBootDeviceFromNvram ] =========================
1:698  0:001   - efi-boot-device-data: PciRoot(0x0)\Pci(0x17,0x0)\Sata(0x0,0xFFFF,0x0)\HD(7,GPT,7F0F1026-7565-40EA-9EA0-33A284D2728E,0x6039A000,0x140A68E0)
1:698  0:000    - Volume: 'PciRoot(0x0)\Pci(0x17,0x0)\Sata(0x0,0xFFFF,0x0)\HD(7,GPT,7F0F1026-7565-40EA-9EA0-33A284D2728E,0x6039A000,0x140A68E0)'
1:698  0:000    - LoaderPath: '<null string>'
1:698  0:000    - Guid = 7F0F1026-7565-40EA-9EA0-33A284D2728E
1:698  0:000  === [ FindStartupDiskVolume ] =============================
1:698  0:000    - Volume: partition = PciRoot(0x0)\Pci(0x17,0x0)\Sata(0x0,0xFFFF,0x0)\HD(7,GPT,7F0F1026-7565-40EA-9EA0-33A284D2728E,0x6039A000,0x140A68E0)
1:698  0:000     - searching for that partition
1:698  0:000      - found entry 2. 'Boot macOS from macOS High Sierra', Volume 'macOS High Sierra'
1:698  0:000  Boot redirected to Entry 2. 'Boot macOS from macOS High Sierra'
1:698  0:000  DefaultIndex=2 and MainMenu.EntryCount=11
1:854  0:156  GUI ready
4:273  2:418  Found UEFI Acpi 2.0 RSDP at 8AD2F000
4:273  0:000  Saving ACPI tables from RSDP 8AD2F000 to EFI\CLOVER\ACPI\origin ...
4:273  0:000   8AD2F000: 'RSD PTR ', Rev: 2 (Acpi 2.0 or newer), Len: 36 -> RSDP.aml
4:373  0:100    (Xsdt: 8AD2F0B8, Rsdt: 8AD2F028)
4:373  0:000    8AD2F0B8: 'XSDT', 'Notebook', Rev: 1, Len: 244 -> XSDT.aml
4:472  0:099    8AD2F028: 'RSDT', 'Notebook', Rev: 1, Len: 140 -> RSDT.aml
5:346  0:873    Tables in Xsdt: 26
5:346  0:000    0. 8AD5AD08: 'FACP', 'Notebook', Rev: 6, Len: 276 -> FACP.aml
5:435  0:089        (Dsdt: 8AD2F240, Facs: 8ADD0F00, XDsdt: 8AD2F240, XFacs: 0)
5:435  0:000        8AD2F240: 'DSDT', 'Notebook', Rev: 2, Len: 178885 -> DSDT.aml
5:542  0:106        8ADD0F00: 'FACS', Ver: 2, Len: 64 -> FACS.aml
5:633  0:091    1. 8AD5AE20: 'APIC', 'Notebook', Rev: 3, Len: 188 -> APIC.aml
5:741  0:107    2. 8AD5AEE0: 'FPDT', 'Notebook', Rev: 1, Len: 68 -> FPDT.aml
5:830  0:088    3. 8AD5AF28: 'FIDT', 'Notebook', Rev: 1, Len: 156 -> FIDT.aml
5:921  0:091    4. 8AD5AFC8: 'ECDT', 'Notebook', Rev: 1, Len: 193 -> ECDT.aml
6:010  0:088    5. 8AD5B090: 'MCFG', 'Notebook', Rev: 1, Len: 60 -> MCFG.aml
6:115  0:104    6. 8AD5B0D0: 'SSDT', 'SataTabl', Rev: 1, Len: 857 -> SSDT-0-SataTabl.aml
6:206  0:091    7. 8AD5B430: 'SSDT', 'DptfTabl', Rev: 2, Len: 29588 -> SSDT-1-DptfTabl.aml
6:300  0:094    8. 8AD627C8: 'MSDM', 'Notebook', Rev: 3, Len: 85 -> MSDM.aml
6:389  0:088    9. 8AD62820: 'SSDT', 'SaSsdt', Rev: 2, Len: 12615 -> SSDT-2-SaSsdt.aml
6:495  0:106    10. 8AD65968: 'HPET', 'KBL-ULT', Rev: 1, Len: 56 -> HPET.aml
6:584  0:088    11. 8AD659A0: 'UEFI', 'Notebook', Rev: 1, Len: 66 -> UEFI.aml
6:673  0:088    12. 8AD659E8: 'SSDT', 'CpuSsdt', Rev: 2, Len: 6062 -> SSDT-3-CpuSsdt.aml (Found hidden SSDT 7 pcs)
6:763  0:090        * 8ACC3318: 'SSDT', 'Cpu0Ist', Rev: 2, Len: 1419  53 53 44 54 8B 05 00 00 02 69 50 6D 52 65 66 00 Internal length = 1419 -> SSDT-x3_0-Cpu0Ist.aml
6:868  0:104        * 8A486018: 'SSDT', 'ApIst', Rev: 2, Len: 3348  53 53 44 54 14 0D 00 00 02 30 50 6D 52 65 66 00 Internal length = 3348 -> SSDT-x3_1-ApIst.aml
6:957  0:088        * 8A487698: 'SSDT', 'Cpu0Cst', Rev: 2, Len: 1023  53 53 44 54 FF 03 00 00 02 17 50 6D 52 65 66 00 Internal length = 1023 -> SSDT-x3_2-Cpu0Cst.aml
7:048  0:090        * 8A485018: 'SSDT', 'ApCst', Rev: 2, Len: 778  53 53 44 54 0A 03 00 00 02 99 50 6D 52 65 66 00 Internal length = 778 -> SSDT-x3_3-ApCst.aml
7:136  0:088        * 8ACC3D98: 'SSDT', 'Cpu0Hwp', Rev: 2, Len: 186  53 53 44 54 BA 00 00 00 02 83 50 6D 52 65 66 00 Internal length = 186 -> SSDT-x3_4-Cpu0Hwp.aml
7:530  0:393        * 8A485418: 'SSDT', 'ApHwp', Rev: 2, Len: 791  53 53 44 54 17 03 00 00 02 86 50 6D 52 65 66 00 Internal length = 791 -> SSDT-x3_5-ApHwp.aml
7:694  0:163        * 8A487018: 'SSDT', 'HwpLvt', Rev: 2, Len: 1576  53 53 44 54 28 06 00 00 02 8B 50 6D 52 65 66 00 Internal length = 1576 -> SSDT-x3_6-HwpLvt.aml
7:784  0:090  
7:784  0:000    13. 8AD67198: 'LPIT', 'KBL-ULT', Rev: 1, Len: 148 -> LPIT.aml
7:873  0:088    14. 8AD67230: 'SSDT', 'HdaDsp', Rev: 2, Len: 321 -> SSDT-4-HdaDsp.aml
7:965  0:091    15. 8AD67378: 'SSDT', 'sensrhub', Rev: 2, Len: 671 -> SSDT-5-sensrhub.aml
8:072  0:107    16. 8AD67618: 'SSDT', 'TbtTypeC', Rev: 2, Len: 1303 -> SSDT-6-TbtTypeC.aml
8:181  0:108    17. 8AD67B30: 'DBGP', '', Rev: 1, Len: 52 -> DBGP.aml
8:265  0:084    18. 8AD67B68: 'DBG2', '', Rev: 0, Len: 84 -> DBG2.aml
8:350  0:084    19. 8AD67BC0: 'SSDT', 'SgPch', Rev: 2, Len: 2089 -> SSDT-7-SgPch.aml
8:450  0:100    20. 8AD683F0: 'SSDT', 'SgUlx', Rev: 2, Len: 923 -> SSDT-8-SgUlx.aml
8:536  0:086    21. 8AD68790: 'DMAR', 'KBL', Rev: 1, Len: 312 -> DMAR.aml
8:620  0:083    22. 8AD688C8: 'TPM2', 'Notebook', Rev: 3, Len: 52 -> TPM2.aml
8:709  0:089    23. 8AD68900: 'BGRT', 'Notebook', Rev: 1, Len: 56 -> BGRT.aml
8:816  0:107    24. 8AD68938: 'SSDT', 'OptTabl', Rev: 1, Len: 7987 -> SSDT-9-OptTabl.aml
8:905  0:089    25. 8AD6A870: 'WSMT', 'Notebook', Rev: 1, Len: 40 -> WSMT.aml
8:994  0:088    Tables in Rsdt: 26
8:994  0:000    0. 8AD2F1B8: 'FACP', 'Notebook', Rev: 2, Len: 132 -> RSDT-FACP.aml
9:125  0:131        (Dsdt: 8AD2F240, Facs: 8ADD0EC0)
9:125  0:000        8AD2F240: 'DSDT', 'Notebook', Rev: 2, Len: 178885
9:130  0:004        8ADD0EC0: 'FACS', Ver: 0, Len: 64 -> RSDT-FACS.aml
9:245  0:114    1. 8AD5AE20: 'APIC', 'Notebook', Rev: 3, Len: 188
9:245  0:000    2. 8AD5AEE0: 'FPDT', 'Notebook', Rev: 1, Len: 68
9:245  0:000    3. 8AD5AF28: 'FIDT', 'Notebook', Rev: 1, Len: 156
9:245  0:000    4. 8AD5AFC8: 'ECDT', 'Notebook', Rev: 1, Len: 193
9:245  0:000    5. 8AD5B090: 'MCFG', 'Notebook', Rev: 1, Len: 60
9:245  0:000    6. 8AD5B0D0: 'SSDT', 'SataTabl', Rev: 1, Len: 857
9:245  0:000    7. 8AD5B430: 'SSDT', 'DptfTabl', Rev: 2, Len: 29588
9:245  0:000    8. 8AD627C8: 'MSDM', 'Notebook', Rev: 3, Len: 85
9:245  0:000    9. 8AD62820: 'SSDT', 'SaSsdt', Rev: 2, Len: 12615
9:245  0:000    10. 8AD65968: 'HPET', 'KBL-ULT', Rev: 1, Len: 56
9:245  0:000    11. 8AD659A0: 'UEFI', 'Notebook', Rev: 1, Len: 66
9:245  0:000    12. 8AD659E8: 'SSDT', 'CpuSsdt', Rev: 2, Len: 6062
9:245  0:000    13. 8AD67198: 'LPIT', 'KBL-ULT', Rev: 1, Len: 148
9:245  0:000    14. 8AD67230: 'SSDT', 'HdaDsp', Rev: 2, Len: 321
9:245  0:000    15. 8AD67378: 'SSDT', 'sensrhub', Rev: 2, Len: 671
9:245  0:000    16. 8AD67618: 'SSDT', 'TbtTypeC', Rev: 2, Len: 1303
9:245  0:000    17. 8AD67B30: 'DBGP', '', Rev: 1, Len: 52
9:245  0:000    18. 8AD67B68: 'DBG2', '', Rev: 0, Len: 84
9:245  0:000    19. 8AD67BC0: 'SSDT', 'SgPch', Rev: 2, Len: 2089
9:245  0:000    20. 8AD683F0: 'SSDT', 'SgUlx', Rev: 2, Len: 923
9:245  0:000    21. 8AD68790: 'DMAR', 'KBL', Rev: 1, Len: 312
9:245  0:000    22. 8AD688C8: 'TPM2', 'Notebook', Rev: 3, Len: 52
9:245  0:000    23. 8AD68900: 'BGRT', 'Notebook', Rev: 1, Len: 56
9:245  0:000    24. 8AD68938: 'SSDT', 'OptTabl', Rev: 1, Len: 7987
9:245  0:000    25. 8AD6A870: 'WSMT', 'Notebook', Rev: 1, Len: 40
9:245  0:000  Found UEFI Acpi 1.0 RSDP at 8AD2F000
9:245  0:000  Printing ACPI tables from RSDP 8AD2F000 ...
9:245  0:000   8AD2F000: 'RSD PTR ', Rev: 2 (Acpi 2.0 or newer), Len: 36
9:245  0:000    (Xsdt: 8AD2F0B8, Rsdt: 8AD2F028)
9:245  0:000    8AD2F0B8: 'XSDT', 'Notebook', Rev: 1, Len: 244
9:245  0:000    8AD2F028: 'RSDT', 'Notebook', Rev: 1, Len: 140
9:245  0:000    Tables in Xsdt: 26
9:245  0:000    0. 8AD5AD08: 'FACP', 'Notebook', Rev: 6, Len: 276
9:245  0:000        (Dsdt: 8AD2F240, Facs: 8ADD0F00, XDsdt: 8AD2F240, XFacs: 0)
9:245  0:000        8AD2F240: 'DSDT', 'Notebook', Rev: 2, Len: 178885
9:249  0:004        8ADD0F00: 'FACS', Ver: 2, Len: 64
9:249  0:000    1. 8AD5AE20: 'APIC', 'Notebook', Rev: 3, Len: 188
9:249  0:000    2. 8AD5AEE0: 'FPDT', 'Notebook', Rev: 1, Len: 68
9:249  0:000    3. 8AD5AF28: 'FIDT', 'Notebook', Rev: 1, Len: 156
9:249  0:000    4. 8AD5AFC8: 'ECDT', 'Notebook', Rev: 1, Len: 193
9:249  0:000    5. 8AD5B090: 'MCFG', 'Notebook', Rev: 1, Len: 60
9:249  0:000    6. 8AD5B0D0: 'SSDT', 'SataTabl', Rev: 1, Len: 857
9:249  0:000    7. 8AD5B430: 'SSDT', 'DptfTabl', Rev: 2, Len: 29588
9:249  0:000    8. 8AD627C8: 'MSDM', 'Notebook', Rev: 3, Len: 85
9:249  0:000    9. 8AD62820: 'SSDT', 'SaSsdt', Rev: 2, Len: 12615
9:249  0:000    10. 8AD65968: 'HPET', 'KBL-ULT', Rev: 1, Len: 56
9:249  0:000    11. 8AD659A0: 'UEFI', 'Notebook', Rev: 1, Len: 66
9:249  0:000    12. 8AD659E8: 'SSDT', 'CpuSsdt', Rev: 2, Len: 6062
9:249  0:000    13. 8AD67198: 'LPIT', 'KBL-ULT', Rev: 1, Len: 148
9:249  0:000    14. 8AD67230: 'SSDT', 'HdaDsp', Rev: 2, Len: 321
9:249  0:000    15. 8AD67378: 'SSDT', 'sensrhub', Rev: 2, Len: 671
9:249  0:000    16. 8AD67618: 'SSDT', 'TbtTypeC', Rev: 2, Len: 1303
9:249  0:000    17. 8AD67B30: 'DBGP', '', Rev: 1, Len: 52
9:249  0:000    18. 8AD67B68: 'DBG2', '', Rev: 0, Len: 84
9:249  0:000    19. 8AD67BC0: 'SSDT', 'SgPch', Rev: 2, Len: 2089
9:249  0:000    20. 8AD683F0: 'SSDT', 'SgUlx', Rev: 2, Len: 923
9:249  0:000    21. 8AD68790: 'DMAR', 'KBL', Rev: 1, Len: 312
9:249  0:000    22. 8AD688C8: 'TPM2', 'Notebook', Rev: 3, Len: 52
9:249  0:000    23. 8AD68900: 'BGRT', 'Notebook', Rev: 1, Len: 56
9:249  0:000    24. 8AD68938: 'SSDT', 'OptTabl', Rev: 1, Len: 7987
9:249  0:000    25. 8AD6A870: 'WSMT', 'Notebook', Rev: 1, Len: 40
9:249  0:000    Tables in Rsdt: 26
9:249  0:000    0. 8AD2F1B8: 'FACP', 'Notebook', Rev: 2, Len: 132
9:249  0:000        (Dsdt: 8AD2F240, Facs: 8ADD0EC0)
9:249  0:000        8AD2F240: 'DSDT', 'Notebook', Rev: 2, Len: 178885
9:254  0:004        8ADD0EC0: 'FACS', Ver: 0, Len: 64
9:254  0:000    1. 8AD5AE20: 'APIC', 'Notebook', Rev: 3, Len: 188
9:254  0:000    2. 8AD5AEE0: 'FPDT', 'Notebook', Rev: 1, Len: 68
9:254  0:000    3. 8AD5AF28: 'FIDT', 'Notebook', Rev: 1, Len: 156
9:254  0:000    4. 8AD5AFC8: 'ECDT', 'Notebook', Rev: 1, Len: 193
9:254  0:000    5. 8AD5B090: 'MCFG', 'Notebook', Rev: 1, Len: 60
9:254  0:000    6. 8AD5B0D0: 'SSDT', 'SataTabl', Rev: 1, Len: 857
9:254  0:000    7. 8AD5B430: 'SSDT', 'DptfTabl', Rev: 2, Len: 29588
9:254  0:000    8. 8AD627C8: 'MSDM', 'Notebook', Rev: 3, Len: 85
9:254  0:000    9. 8AD62820: 'SSDT', 'SaSsdt', Rev: 2, Len: 12615
9:254  0:000    10. 8AD65968: 'HPET', 'KBL-ULT', Rev: 1, Len: 56
9:254  0:000    11. 8AD659A0: 'UEFI', 'Notebook', Rev: 1, Len: 66
9:254  0:000    12. 8AD659E8: 'SSDT', 'CpuSsdt', Rev: 2, Len: 6062
9:254  0:000    13. 8AD67198: 'LPIT', 'KBL-ULT', Rev: 1, Len: 148
9:254  0:000    14. 8AD67230: 'SSDT', 'HdaDsp', Rev: 2, Len: 321
9:254  0:000    15. 8AD67378: 'SSDT', 'sensrhub', Rev: 2, Len: 671
9:254  0:000    16. 8AD67618: 'SSDT', 'TbtTypeC', Rev: 2, Len: 1303
9:254  0:000    17. 8AD67B30: 'DBGP', '', Rev: 1, Len: 52
9:254  0:000    18. 8AD67B68: 'DBG2', '', Rev: 0, Len: 84
9:254  0:000    19. 8AD67BC0: 'SSDT', 'SgPch', Rev: 2, Len: 2089
9:254  0:000    20. 8AD683F0: 'SSDT', 'SgUlx', Rev: 2, Len: 923
9:254  0:000    21. 8AD68790: 'DMAR', 'KBL', Rev: 1, Len: 312
9:254  0:000    22. 8AD688C8: 'TPM2', 'Notebook', Rev: 3, Len: 52
9:254  0:000    23. 8AD68900: 'BGRT', 'Notebook', Rev: 1, Len: 56
9:254  0:000    24. 8AD68938: 'SSDT', 'OptTabl', Rev: 1, Len: 7987
9:254  0:000    25. 8AD6A870: 'WSMT', 'Notebook', Rev: 1, Len: 40
21:611  12:356  EDITED: DSDT-bak.aml
40:372  18:761   boot with args: darkwake=0 -igfxdvmtbeta -igfxbeta nv_disable=1
55:037  14:664   boot with args: darkwake=0 -igfxdvmtbeta -igfxbeta nv_disable=1
55:037  0:000  Boot option Boot0000 not found
55:037  0:000  === [ StartLoader ] =======================================
55:037  0:000  Finally: ExternalClock=25MHz BusSpeed=100016kHz CPUFreq=1800MHz PIS: hw.busfrequency=100000000Hz
55:037  0:000  Loading boot.efi  status=Success
55:536  0:498  GetOSVersion: 10.13 (17A365)
55:536  0:000  CSR_CFG: CSR_ALLOW_UNTRUSTED_KEXTS | CSR_ALLOW_UNRESTRICTED_FS | CSR_ALLOW_APPLE_INTERNAL
55:536  0:000  Filtering KextPatches:
55:536  0:000   - [00]: com.apple.driver.AppleIntelSKLGraphicsFramebuffer (显存1536MB->2048MB) :: BinPatch :: [OS: 10.13 | MatchOS: All | MatchBuild: All] ==> allowed
55:536  0:000   - [01]: com.apple.driver.AppleBacklight (AppleBacklightInjector.kext (credit RehabMan)) :: BinPatch :: [OS: 10.13 | MatchOS: All | MatchBuild: All] ==> allowed
55:536  0:000   - [02]: com.apple.driver.AppleIntelSKLGraphicsFramebuffer (HDMI-audio补丁,端口0204,0x19160000) :: BinPatch :: [OS: 10.13 | MatchOS: All | MatchBuild: All] ==> allowed
55:536  0:000   - [03]: com.apple.driver.AppleIntelSKLGraphicsFramebuffer (HDMI-audio补丁,端口0105,0x19160000) :: BinPatch :: [OS: 10.13 | MatchOS: All | MatchBuild: All] ==> allowed
55:536  0:000   - [04]: com.apple.iokit.IOAHCIBlockStorage (Enable TRIM for SSD) :: BinPatch :: [OS: 10.13 | MatchOS: All | MatchBuild: All] ==> allowed
55:536  0:000   - [05]: com.apple.iokit.IOGraphicsFamily (第二阶段8个苹果) :: BinPatch :: [OS: 10.13 | MatchOS: 10.13.x | MatchBuild: All] ==> allowed
55:536  0:000   - [06]: com.apple.driver.AppleAHCIPort (扩展磁盘图标补丁) :: BinPatch :: [OS: 10.13 | MatchOS: All | MatchBuild: All] ==> allowed
55:536  0:000  Will not patch boot.efi
55:536  0:000  === [ PatchSmbios ] =======================================
55:536  0:000  insert table 9 for dev 0:0
55:537  0:001  Trusting SMBIOS...
55:537  0:000  Channels: 1
55:537  0:000  Interleave: 0 1 2 3 4 5 6 7 8 9 10 11 12 13 14 15 16 17 18 19 20 21 22 23
55:537  0:000  SMBIOS Type 17 Index = 0 => 0 0:
55:537  0:000  BANK 0 DIMM0 EMPTY
55:537  0:000  SMBIOS Type 17 Index = 1 => 1 1:
55:537  0:000  BANK 0 DIMM1 EMPTY
55:537  0:000   partNum=M471A1K43CB1-CRC    
55:537  0:000  SMBIOS Type 17 Index = 2 => 2 2:
55:537  0:000  BANK 0 DIMM2 2400MHz 8192MB
55:537  0:000  mTotalSystemMemory = 8192
55:537  0:000  NumberOfMemoryDevices = 3
55:537  0:000  Type20[0]->End = 0x7FFFFF, Type17[2] = 0x2000
55:537  0:000  Table 131 is present, CPUType=31
55:537  0:000  Change to: 605
55:537  0:000  === [ PatchACPI ] =========================================
55:537  0:000  Xsdt reallocation done
55:537  0:000  old FADT length=114
55:537  0:000   SignatureFixup: 0x51AEC933 -> 0x0
55:537  0:000  DSDT found in Clover volume OEM folder: EFI\CLOVER\ACPI\patched\DSDT-bak.aml
55:543  0:006  Apply DsdtFixMask=0x21000004
55:544  0:000     drop _DSM mask=0xFFFF
55:544  0:000  === [ FixBiosDsdt ] =======================================
55:544  0:000  VideoCard devID=0x59178086
55:544  0:000  DisplayADR1[0] = 0x20000, DisplayADR2[0] = 0xFFFE
55:544  0:000  USBADR[0] = 0x140000 and PCIe = 0xFFFE
55:559  0:015  Audio HDA (addr:0x1F0003) setting specified layout-id=3 (0x3)
55:559  0:000  Patching DSDT:
55:559  0:000   - [Add _SUN property for GIGE]: disabled
55:559  0:000   - [Rename GFX0 to IGPU]: pattern 47465830, patched at: [ (1DC) (12) (12) (12) (12) (12) (12) (12) (12) (12) (12) (12) (12) (12) (12) (12) (12) (12) (3967) (5DB5) (769C) (1B) (309D) (14) (8B49) (1783) (6F9E) ]
55:559  0:000   - [Rename HDEF to AZAL]: disabled
55:559  0:000   - [Rename oem _DSM to ZDSM]: disabled
55:559  0:000   - [Rename HECI to IMEI]: pattern 48454349, patched at: [ (10C2F) ]
55:560  0:000   - [change HDAS to HDEF]: pattern 48444153, patched at: [ (368) (12) (12) (A77F) (1672) (74) (D) (2B) (32) (4F) (6F) (C4) (10B8F) (15FB) ]
55:560  0:000  first CPU found at 94E3 offset 94E6
55:560  0:000  score candidate at 94DF
55:560  0:000  score inserted in acpi_cpu_score _PR_
55:560  0:000  Found ACPI CPU: PR00 | PR01 | PR02 | PR03 | PR04 | PR05 | PR06 | PR07 | PR08 | PR09 | PR10 | PR11 | PR12 | PR13 | PR14 | PR15 , within the score: _PR_
55:562  0:001  Found PCIROOTUID = 0
55:562  0:000  Start PNLF Fix
55:563  0:001  not found PWRB, look BAT0
55:564  0:000  found BAT0 at 25846
55:564  0:000  Start SHUTDOWN Fix len=2C33F
55:565  0:000  PreCleanup XSDT: count=26, length=244
55:565  0:000  PreCleanup XSDT, corrected XSDT: count=26, length=244
55:565  0:000  === [ ACPIDropTables ] ====================================
55:565  0:000  Drop tables from XSDT, SIGN=DMAR TableID=KBL  Length=312
55:565  0:000   Table[21]: DMAR  KBL   312 dropped
55:565  0:000  === [ PatchAllSSDT ] ======================================
55:565  0:000  Patch table: SSDT  SataTabl len=0x359
55:565  0:000  0. [Add _SUN property for GIGE]: disabled
55:565  0:000  1. [Rename GFX0 to IGPU]: pattern 47465830, bin not found / already patched!
55:565  0:000  2. [Rename HDEF to AZAL]: disabled
55:565  0:000  3. [Rename oem _DSM to ZDSM]: disabled
55:565  0:000  4. [Rename HECI to IMEI]: pattern 48454349, bin not found / already patched!
55:565  0:000  5. [change HDAS to HDEF]: pattern 48444153, bin not found / already patched!
55:565  0:000  Patch table: SSDT  DptfTabl len=0x7394
55:565  0:000  0. [Add _SUN property for GIGE]: disabled
55:565  0:000  1. [Rename GFX0 to IGPU]: pattern 47465830, bin not found / already patched!
55:565  0:000  2. [Rename HDEF to AZAL]: disabled
55:565  0:000  3. [Rename oem _DSM to ZDSM]: disabled
55:565  0:000  4. [Rename HECI to IMEI]: pattern 48454349, bin not found / already patched!
55:565  0:000  5. [change HDAS to HDEF]: pattern 48444153, bin not found / already patched!
55:565  0:000  Patch table: SSDT  SaSsdt  len=0x3147
55:565  0:000  0. [Add _SUN property for GIGE]: disabled
55:565  0:000  1. [Rename GFX0 to IGPU]: pattern 47465830, patched at: [ (2D) (E) (46) (2A0) (1C8A) (A3A) (1D) (6EC) ]
55:565  0:000  2. [Rename HDEF to AZAL]: disabled
55:565  0:000  3. [Rename oem _DSM to ZDSM]: disabled
55:565  0:000  4. [Rename HECI to IMEI]: pattern 48454349, bin not found / already patched!
55:565  0:000  5. [change HDAS to HDEF]: pattern 48444153, bin not found / already patched!
55:565  0:000  Patch table: SSDT  CpuSsdt len=0x17AE
55:565  0:000  0. [Add _SUN property for GIGE]: disabled
55:565  0:000  1. [Rename GFX0 to IGPU]: pattern 47465830, bin not found / already patched!
55:565  0:000  2. [Rename HDEF to AZAL]: disabled
55:565  0:000  3. [Rename oem _DSM to ZDSM]: disabled
55:565  0:000  4. [Rename HECI to IMEI]: pattern 48454349, bin not found / already patched!
55:565  0:000  5. [change HDAS to HDEF]: pattern 48444153, bin not found / already patched!
55:565  0:000  Patch table: SSDT  HdaDsp len=0x141
55:565  0:000  0. [Add _SUN property for GIGE]: disabled
55:565  0:000  1. [Rename GFX0 to IGPU]: pattern 47465830, bin not found / already patched!
55:565  0:000  2. [Rename HDEF to AZAL]: disabled
55:565  0:000  3. [Rename oem _DSM to ZDSM]: disabled
55:565  0:000  4. [Rename HECI to IMEI]: pattern 48454349, bin not found / already patched!
55:565  0:000  5. [change HDAS to HDEF]: pattern 48444153, patched at: [ (20) (48) ]
55:565  0:000  Patch table: SSDT  sensrhub len=0x29F
55:565  0:000  0. [Add _SUN property for GIGE]: disabled
55:565  0:000  1. [Rename GFX0 to IGPU]: pattern 47465830, bin not found / already patched!
55:565  0:000  2. [Rename HDEF to AZAL]: disabled
55:565  0:000  3. [Rename oem _DSM to ZDSM]: disabled
55:565  0:000  4. [Rename HECI to IMEI]: pattern 48454349, bin not found / already patched!
55:565  0:000  5. [change HDAS to HDEF]: pattern 48444153, bin not found / already patched!
55:565  0:000  Patch table: SSDT  TbtTypeC len=0x517
55:565  0:000  0. [Add _SUN property for GIGE]: disabled
55:565  0:000  1. [Rename GFX0 to IGPU]: pattern 47465830, bin not found / already patched!
55:565  0:000  2. [Rename HDEF to AZAL]: disabled
55:565  0:000  3. [Rename oem _DSM to ZDSM]: disabled
55:565  0:000  4. [Rename HECI to IMEI]: pattern 48454349, bin not found / already patched!
55:565  0:000  5. [change HDAS to HDEF]: pattern 48444153, bin not found / already patched!
55:565  0:000  Patch table: SSDT  SgPch len=0x829
55:565  0:000  0. [Add _SUN property for GIGE]: disabled
55:565  0:000  1. [Rename GFX0 to IGPU]: pattern 47465830, bin not found / already patched!
55:565  0:000  2. [Rename HDEF to AZAL]: disabled
55:565  0:000  3. [Rename oem _DSM to ZDSM]: disabled
55:565  0:000  4. [Rename HECI to IMEI]: pattern 48454349, bin not found / already patched!
55:565  0:000  5. [change HDAS to HDEF]: pattern 48444153, bin not found / already patched!
55:565  0:000  Patch table: SSDT  SgUlx len=0x39B
55:565  0:000  0. [Add _SUN property for GIGE]: disabled
55:565  0:000  1. [Rename GFX0 to IGPU]: pattern 47465830, bin not found / already patched!
55:565  0:000  2. [Rename HDEF to AZAL]: disabled
55:565  0:000  3. [Rename oem _DSM to ZDSM]: disabled
55:565  0:000  4. [Rename HECI to IMEI]: pattern 48454349, bin not found / already patched!
55:565  0:000  5. [change HDAS to HDEF]: pattern 48444153, bin not found / already patched!
55:565  0:000  Patch table: SSDT  OptTabl len=0x1F33
55:565  0:000  0. [Add _SUN property for GIGE]: disabled
55:565  0:000  1. [Rename GFX0 to IGPU]: pattern 47465830, patched at: [ (55) (28) (61F) (A8) (527) (1271) (11) ]
55:565  0:000  2. [Rename HDEF to AZAL]: disabled
55:565  0:000  3. [Rename oem _DSM to ZDSM]: disabled
55:565  0:000  4. [Rename HECI to IMEI]: pattern 48454349, bin not found / already patched!
55:565  0:000  5. [change HDAS to HDEF]: pattern 48444153, bin not found / already patched!
55:565  0:000  === [ ACPIPatchedAML ] ====================================
55:565  0:000  Unsorted
55:565  0:000  Inserting SSDT-XOSI.aml from EFI\CLOVER\ACPI\patched: size=190 ... Success
55:565  0:000  Inserting SSDT-XHC.aml from EFI\CLOVER\ACPI\patched: size=503 ... Success
55:565  0:000  Inserting SSDT-SATA.aml from EFI\CLOVER\ACPI\patched: size=292 ... Success
55:565  0:000  Inserting ssdt-rmne.aml from EFI\CLOVER\ACPI\patched: size=212 ... Success
55:565  0:000  Inserting SSDT-PTSWAK.aml from EFI\CLOVER\ACPI\patched: size=481 ... Success
55:565  0:000  Inserting SSDT-PRW.aml from EFI\CLOVER\ACPI\patched: size=76 ... Success
55:565  0:000  Inserting SSDT-PNLF.aml from EFI\CLOVER\ACPI\patched: size=783 ... Success
55:565  0:000  Inserting SSDT-PluginType1.aml from EFI\CLOVER\ACPI\patched: size=97 ... Success
55:565  0:000  Inserting SSDT-PCIList.aml from EFI\CLOVER\ACPI\patched: size=1476 ... Success
55:565  0:000  Inserting SSDT-LPC.aml from EFI\CLOVER\ACPI\patched: size=383 ... Success
55:565  0:000  Inserting SSDT-IMEI.aml from EFI\CLOVER\ACPI\patched: size=278 ... Success
55:565  0:000  Inserting SSDT-IGPU.aml from EFI\CLOVER\ACPI\patched: size=346 ... Success
55:566  0:000  Inserting SSDT-Config.aml from EFI\CLOVER\ACPI\patched: size=775 ... Success
55:566  0:000  Inserting SSDT-ADBG.aml from EFI\CLOVER\ACPI\patched: size=45 ... Success
55:566  0:000  Inserting SSDT-8-SgUlx.aml from EFI\CLOVER\ACPI\patched: size=954 ... Success
55:566  0:000  CPUBase=0 and ApicCPUBase=1 ApicCPUNum=1
55:566  0:000  Maximum control=0x12
55:566  0:000  Turbo control=0x22
55:566  0:000  P-States: min 0x4, max 0x22
55:566  0:000  SSDT with plugin-type without P-States is generated
55:566  0:000  Cleanup XSDT: count=42, length=372
55:566  0:000  corrected XSDT count=41, length=364
55:566  0:000  === [ RestSetup macOS ] ===================================
55:566  0:000  --- Custom EDID Table size:128
55:566  0:000  000  |  00  FF  FF  FF  FF  FF  FF  00  06  10
55:566  0:000  010  |  12  A0  00  00  00  00  1C  16  01  04
55:566  0:000  020  |  B5  30  1B  78  22  6F  B1  A7  55  4C
55:566  0:000  030  |  9E  25  0C  50  54  00  00  00  01  01
55:566  0:000  040  |  01  01  01  01  01  01  01  01  01  01
55:566  0:000  050  |  01  01  01  01  14  37  80  A6  70  38
55:566  0:000  060  |  2E  40  6C  30  AA  00  58  C1  10  00
55:566  0:000  070  |  00  18  00  00  00  FC  00  69  4D  61
55:566  0:000  080  |  63  0A  20  20  20  20  20  20  20  20
55:566  0:000  090  |  00  00  00  FE  00  41  55  4F  0A  20
55:566  0:000  100  |  20  20  20  20  20  20  20  20  00  00
55:566  0:000  110  |  00  FE  00  42  31  35  36  48  41  4E
55:566  0:000  120  |  30  32  2E  31  20  0A  00  49
55:566  0:000  Intel UHD Graphics 620 [8086:5917] :: PciRoot(0x0)\Pci(0x2,0x0)
55:566  0:000    Found Full HD Display - 16:9 :: Width=1920 Height=1080
55:566  0:000    IntelHDMI: used
55:566  0:000    AAPL00,override-no-connect: added
55:566  0:000    Beginning DualLink auto-detection
55:566  0:000    High Resolution Display
55:566  0:000    AAPL00,DualLink = 1
55:566  0:000    FakeID Intel GFX: not set
55:566  0:000    ig-platform-id: not set
55:566  0:000    Beginning Intel GFX auto-detection with ACPI injection
55:566  0:000    Found FakeID Intel GFX = 0x59168086
55:566  0:000    Found ig-platform-id = 0x59160000
55:566  0:000  Intel GFX revision  = 0x7
55:566  0:000   RCBA disabled; cannot use it
55:566  0:000   setting specified layout-id=3 (0x3)
55:566  0:000  stringlength = 3318
55:567  0:000  CurrentMode: Width=1920 Height=1080
55:567  0:000  Beginning FSInjection
FSInjectionInstall ...
- Our FSI_SIMPLE_FILE_SYSTEM_PROTOCOL installed on handle: 886EB098
FSInjectionInstall ...
- Our FSI_SIMPLE_FILE_SYSTEM_PROTOCOL installed on handle: 886EB098
55:575  0:008  Use origin smbios table type 1 guid.
55:584  0:008  Preparing kexts injection for arch=x86_64 from EFI\CLOVER\kexts\Other
55:584  0:000  Extra kext: EFI\CLOVER\kexts\Other\VoodooPS2Controller.kext (v.1.8.29)
55:603  0:019    |-- PlugIn kext: EFI\CLOVER\kexts\Other\VoodooPS2Controller.kext\Contents\PlugIns\VoodooPS2Trackpad.kext (v.1.8.29)
55:629  0:026    |-- PlugIn kext: EFI\CLOVER\kexts\Other\VoodooPS2Controller.kext\Contents\PlugIns\VoodooPS2Mouse.kext (v.1.8.29)
55:641  0:012    |-- PlugIn kext: EFI\CLOVER\kexts\Other\VoodooPS2Controller.kext\Contents\PlugIns\VoodooPS2Keyboard.kext (v.1.8.29)
55:671  0:030  Extra kext: EFI\CLOVER\kexts\Other\VoodooI2CHID.kext (v.1)
55:707  0:036  Extra kext: EFI\CLOVER\kexts\Other\VoodooI2C.kext (v.3.0.0)
55:733  0:025    |-- PlugIn kext: EFI\CLOVER\kexts\Other\VoodooI2C.kext\Contents\PlugIns\VoodooI2CServices.kext (v.1)
55:745  0:012    |-- Disabled plug-in kext: EFI\CLOVER\kexts\Other\VoodooI2C.kext\Contents\PlugIns\VoodooGPIO.kext (v.1.1)
55:745  0:000  Extra kext: EFI\CLOVER\kexts\Other\VoodooHDA.kext (v.2.9.1)
55:769  0:024  Extra kext: EFI\CLOVER\kexts\Other\USBInjectAll.kext (v.0.6.4)
56:713  0:944  Extra kext: EFI\CLOVER\kexts\Other\Sinetek-rtsx.kext (v.1)
56:729  0:015  Extra kext: EFI\CLOVER\kexts\Other\Shiki.kext (v.2.2.5)
56:743  0:014  Extra kext: EFI\CLOVER\kexts\Other\NullEthernet.kext (v.1.0.6)
56:758  0:015  Extra kext: EFI\CLOVER\kexts\Other\Lilu.kext (v.1.2.2)
56:776  0:018  Extra kext: EFI\CLOVER\kexts\Other\IntelGraphicsFixup.kext (v.1.2.6)
56:802  0:026  Extra kext: EFI\CLOVER\kexts\Other\IntelGraphicsDVMTFixup.kext (v.1.2.0)
56:817  0:014  Extra kext: EFI\CLOVER\kexts\Other\FakeSMC.kext (v.1765)
56:856  0:039    |-- PlugIn kext: EFI\CLOVER\kexts\Other\FakeSMC.kext\Contents\PlugIns\FakeSMC_LPCSensors.kext (v.1765)
57:397  0:540    |-- PlugIn kext: EFI\CLOVER\kexts\Other\FakeSMC.kext\Contents\PlugIns\FakeSMC_GPUSensors.kext (v.1765)
57:420  0:022    |-- PlugIn kext: EFI\CLOVER\kexts\Other\FakeSMC.kext\Contents\PlugIns\FakeSMC_CPUSensors.kext (v.1765)
57:433  0:013    |-- PlugIn kext: EFI\CLOVER\kexts\Other\FakeSMC.kext\Contents\PlugIns\FakeSMC_ACPISensors.kext (v.1765)
57:465  0:031  Extra kext: EFI\CLOVER\kexts\Other\FakePCIID_XHCIMux.kext (v.1.3.11)
57:486  0:020  Extra kext: EFI\CLOVER\kexts\Other\FakePCIID_Intel_HD_Graphics.kext (v.1.3.11)
57:516  0:030  Extra kext: EFI\CLOVER\kexts\Other\FakePCIID_Intel_HDMI_Audio.kext (v.1.3.11)
57:540  0:023  Extra kext: EFI\CLOVER\kexts\Other\FakePCIID.kext (v.1.3.11)
57:550  0:010  Extra kext: EFI\CLOVER\kexts\Other\AsusNBFnKeys.kext (v.2.5.5)
57:577  0:026  Extra kext: EFI\CLOVER\kexts\Other\ACPIBatteryManager.kext (v.1.81.4)
57:602  0:024  SetStartupDiskVolume:
57:602  0:000    * Volume: 'macOS High Sierra'
57:602  0:000    * LoaderPath: '<null string>'
57:602  0:000    * DevPath: macOS High Sierra
57:602  0:000    * GUID = 7F0F1026-7565-40EA-9EA0-33A284D2728E
57:603  0:000    * efi-boot-device: <array><dict><key>IOMatch</key><dict><key>IOProviderClass</key><string>IOMedia</string><key>IOPropertyMatch</key><dict><key>UUID</key><string>7F0F1026-7565-40EA-9EA0-33A284D2728E</string></dict></dict></dict></array>
57:603  0:000  SetScreenResolution: 1920x1080 - already set
57:603  0:000  Custom boot is disabled
57:605  0:001  Closing log
